<?xml version="1.0" encoding="UTF-8"?>
<testsuite xmlns:xsi="http://www.w3.org/2001/XMLSchema-instance" xsi:noNamespaceSchemaLocation="https://maven.apache.org/surefire/maven-surefire-plugin/xsd/surefire-test-report-3.0.xsd" version="3.0" name="tdv.TeclasUnidos.testing.SocioTest" time="0.049" tests="4" errors="0" skipped="0" failures="0">
  <properties>
[...]
</properties>
  <testcase name="edadNegativa_debeLanzarEdadInvalidaException" classname="tdv.TeclasUnidos.testing.SocioTest" time="0.005"/>
  <testcase name="abmBasico_debePermitirAltaBajaModificacionYBusqueda" classname="tdv.TeclasUnidos.testing.SocioTest" time="0.0"/>
  <testcase name="nombreMuyLargo_debeLanzarNombreMuyLargoException" classname="tdv.TeclasUnidos.testing.SocioTest" time="0.0"/>
  <testcase name="constructorValido_noDebeLanzarExcepcion_yGettersDevuelvenValores" classname="tdv.TeclasUnidos.testing.SocioTest" time="0.0"/>
</testsuite>